F:\fast semster 3\coal slides\coal_project\coal_project\Debug\project.obj
F:\FAST SEMSTER 3\COAL SLIDES\COAL_PROJECT\DEBUG\COAL_PROJECT.ILK
F:\FAST SEMSTER 3\COAL SLIDES\COAL_PROJECT\DEBUG\COAL_PROJECT.EXE
F:\FAST SEMSTER 3\COAL SLIDES\COAL_PROJECT\DEBUG\COAL_PROJECT.PDB
F:\fast semster 3\coal slides\coal_project\coal_project\Debug\coal_project.write.1.tlog
F:\fast semster 3\coal slides\coal_project\coal_project\Debug\link-cvtres.read.1.tlog
F:\fast semster 3\coal slides\coal_project\coal_project\Debug\link-cvtres.write.1.tlog
F:\fast semster 3\coal slides\coal_project\coal_project\Debug\link-rc.read.1.tlog
F:\fast semster 3\coal slides\coal_project\coal_project\Debug\link-rc.write.1.tlog
F:\fast semster 3\coal slides\coal_project\coal_project\Debug\link.7432-cvtres.read.1.tlog
F:\fast semster 3\coal slides\coal_project\coal_project\Debug\link.7432-cvtres.write.1.tlog
F:\fast semster 3\coal slides\coal_project\coal_project\Debug\link.7432-rc.read.1.tlog
F:\fast semster 3\coal slides\coal_project\coal_project\Debug\link.7432-rc.write.1.tlog
F:\fast semster 3\coal slides\coal_project\coal_project\Debug\link.7432.read.1.tlog
F:\fast semster 3\coal slides\coal_project\coal_project\Debug\link.7432.write.1.tlog
F:\fast semster 3\coal slides\coal_project\coal_project\Debug\link.8436-cvtres.read.1.tlog
F:\fast semster 3\coal slides\coal_project\coal_project\Debug\link.8436-cvtres.write.1.tlog
F:\fast semster 3\coal slides\coal_project\coal_project\Debug\link.8436-rc.read.1.tlog
F:\fast semster 3\coal slides\coal_project\coal_project\Debug\link.8436-rc.write.1.tlog
F:\fast semster 3\coal slides\coal_project\coal_project\Debug\link.8436.read.1.tlog
F:\fast semster 3\coal slides\coal_project\coal_project\Debug\link.8436.write.1.tlog
F:\fast semster 3\coal slides\coal_project\coal_project\Debug\link.command.1.tlog
F:\fast semster 3\coal slides\coal_project\coal_project\Debug\link.read.1.tlog
F:\fast semster 3\coal slides\coal_project\coal_project\Debug\link.write.1.tlog
F:\fast semster 3\coal slides\coal_project\Debug\coal_project.pdb
F:\fast semster 3\coal slides\coal_project\Debug\coal_project.exe
F:\fast semster 3\coal slides\coal_project\Debug\coal_project.ilk
